<?xml version="1.0" encoding="UTF-8"?>
<testng-results ignored="0" total="1" passed="1" failed="0" skipped="0">
  <reporter-output>
  </reporter-output>
  <suite started-at="2024-05-19T14:39:32 IST" name="Surefire suite" finished-at="2024-05-19T14:40:00 IST" duration-ms="27581">
    <groups>
      <group name="cucumber">
        <method signature="AbstractTestNGCucumberTests.runScenario(io.cucumber.testng.PickleWrapper,io.cucumber.testng.FeatureWrapper)[pri:0, instance:runner.RunnerTest$MyTestNGRunnerTest@7722c3c3]" name="runScenario" class="io.cucumber.testng.AbstractTestNGCucumberTests"/>
      </group> <!-- cucumber -->
    </groups>
    <test started-at="2024-05-19T14:39:32 IST" name="Surefire test" finished-at="2024-05-19T14:40:00 IST" duration-ms="27581">
      <class name="runner.RunnerTest$MyTestNGRunnerTest">
        <test-method is-config="true" signature="setUpClass(org.testng.ITestContext)[pri:0, instance:runner.RunnerTest$MyTestNGRunnerTest@7722c3c3]" started-at="2024-05-19T14:39:32 IST" name="setUpClass" finished-at="2024-05-19T14:39:34 IST" duration-ms="2022" status="PASS">
          <params>
            <param index="0">
              <value>
                <![CDATA[org.testng.TestRunner@6419a0e1]]>
              </value>
            </param>
          </params>
          <reporter-output>
          </reporter-output>
        </test-method> <!-- setUpClass -->
        <test-method signature="runScenario(io.cucumber.testng.PickleWrapper,io.cucumber.testng.FeatureWrapper)[pri:0, instance:runner.RunnerTest$MyTestNGRunnerTest@7722c3c3]" started-at="2024-05-19T14:39:34 IST" name="runScenario" description="Runs Cucumber Scenarios" data-provider="scenarios" finished-at="2024-05-19T14:40:00 IST" duration-ms="25320" status="PASS">
          <params>
            <param index="0">
              <value>
                <![CDATA["Validate the list of language available at homepage"]]>
              </value>
            </param>
            <param index="1">
              <value>
                <![CDATA["This is BSE india automation"]]>
              </value>
            </param>
          </params>
          <reporter-output>
          </reporter-output>
        </test-method> <!-- runScenario -->
        <test-method is-config="true" signature="tearDownClass()[pri:0, instance:runner.RunnerTest$MyTestNGRunnerTest@7722c3c3]" started-at="2024-05-19T14:40:00 IST" name="tearDownClass" finished-at="2024-05-19T14:40:00 IST" duration-ms="82" status="PASS">
          <reporter-output>
          </reporter-output>
        </test-method> <!-- tearDownClass -->
      </class> <!-- runner.RunnerTest$MyTestNGRunnerTest -->
    </test> <!-- Surefire test -->
  </suite> <!-- Surefire suite -->
</testng-results>
